14 янв. 2025 12:38:55,838  INFO PausableInvocationsLogger - Run invocation: [f: navigator, m: executeNavigatorAction, rq: 0]
14 янв. 2025 12:38:55,843  INFO PausableInvocationsLogger - Interaction [f: navigator, m: executeNavigatorAction, rq: 0] called delayUserInteraction: lsfusion.interop.action.ClientWebAction@7c8df264
14 янв. 2025 12:38:55,844  INFO PausableInvocationsLogger - Interaction [f: navigator, m: executeNavigatorAction, rq: 0] called delayUserInteraction: lsfusion.interop.action.ClientWebAction@72532b70
14 янв. 2025 12:38:55,993  INFO PausableInvocationsLogger - Interaction [f: navigator, m: executeNavigatorAction, rq: 0] called delayUserInteraction: lsfusion.interop.action.ClientWebAction@710b92dc
14 янв. 2025 12:38:55,995  INFO PausableInvocationsLogger - Interaction [f: navigator, m: executeNavigatorAction, rq: 0] called delayUserInteraction: lsfusion.interop.action.ClientWebAction@5b74b917
14 янв. 2025 12:38:56,134  INFO PausableInvocationsLogger - Invocation [f: navigator, m: executeNavigatorAction, rq: 0] finished
14 янв. 2025 12:39:05,079  INFO PausableInvocationsLogger - Run invocation: [f: navigator, m: executeNavigatorAction, rq: 1]
14 янв. 2025 12:39:05,335  INFO PausableInvocationsLogger - Interaction [f: navigator, m: executeNavigatorAction, rq: 1] called delayUserInteraction: FormClientAction[showFormType: DOCKED]
14 янв. 2025 12:39:05,335  INFO PausableInvocationsLogger - Invocation [f: navigator, m: executeNavigatorAction, rq: 1] finished
14 янв. 2025 12:39:06,896  INFO PausableInvocationsLogger - Acquiring request lock for [f: HockeyStats.teams, m: gainedFocus, rq: 0] for request #0
14 янв. 2025 12:39:06,897  INFO PausableInvocationsLogger - Acquired request lock for [f: HockeyStats.teams, m: gainedFocus, rq: 0] for request #0
14 янв. 2025 12:39:06,897  INFO PausableInvocationsLogger - Run invocation: [f: HockeyStats.teams, m: gainedFocus, rq: 0]
14 янв. 2025 12:39:06,898  INFO PausableInvocationsLogger - Invocation [f: HockeyStats.teams, m: gainedFocus, rq: 0] finished
14 янв. 2025 12:39:06,899  INFO PausableInvocationsLogger - Releasing request lock for [f: HockeyStats.teams, m: gainedFocus, rq: 0] for request #0
14 янв. 2025 12:39:07,893  INFO PausableInvocationsLogger - Run invocation: [f: navigator, m: executeNavigatorAction, rq: 2]
14 янв. 2025 12:39:08,104  INFO PausableInvocationsLogger - Interaction [f: navigator, m: executeNavigatorAction, rq: 2] called delayUserInteraction: FormClientAction[showFormType: DOCKED]
14 янв. 2025 12:39:08,104  INFO PausableInvocationsLogger - Invocation [f: navigator, m: executeNavigatorAction, rq: 2] finished
14 янв. 2025 12:39:08,547  INFO PausableInvocationsLogger - Acquiring request lock for [f: HockeyStats.scoreTable, m: gainedFocus, rq: 0] for request #0
14 янв. 2025 12:39:08,547  INFO PausableInvocationsLogger - Acquired request lock for [f: HockeyStats.scoreTable, m: gainedFocus, rq: 0] for request #0
14 янв. 2025 12:39:08,559  INFO PausableInvocationsLogger - Run invocation: [f: HockeyStats.scoreTable, m: gainedFocus, rq: 0]
14 янв. 2025 12:39:08,631  INFO PausableInvocationsLogger - Invocation [f: HockeyStats.scoreTable, m: gainedFocus, rq: 0] finished
14 янв. 2025 12:39:08,631  INFO PausableInvocationsLogger - Releasing request lock for [f: HockeyStats.scoreTable, m: gainedFocus, rq: 0] for request #0
14 янв. 2025 12:50:47,168  INFO PausableInvocationsLogger - Run invocation: [f: navigator, m: executeNavigatorAction, rq: 0]
14 янв. 2025 12:50:47,176  INFO PausableInvocationsLogger - Interaction [f: navigator, m: executeNavigatorAction, rq: 0] called delayUserInteraction: lsfusion.interop.action.ClientWebAction@f3cd415
14 янв. 2025 12:50:47,177  INFO PausableInvocationsLogger - Interaction [f: navigator, m: executeNavigatorAction, rq: 0] called delayUserInteraction: lsfusion.interop.action.ClientWebAction@42bae5f5
14 янв. 2025 12:50:47,377  INFO PausableInvocationsLogger - Invocation [f: navigator, m: executeNavigatorAction, rq: 0] finished
14 янв. 2025 12:50:55,008  INFO PausableInvocationsLogger - Run invocation: [f: navigator, m: executeNavigatorAction, rq: 1]
14 янв. 2025 12:50:55,442  INFO PausableInvocationsLogger - Interaction [f: navigator, m: executeNavigatorAction, rq: 1] called delayUserInteraction: FormClientAction[showFormType: DOCKED]
14 янв. 2025 12:50:55,442  INFO PausableInvocationsLogger - Invocation [f: navigator, m: executeNavigatorAction, rq: 1] finished
14 янв. 2025 12:50:55,688  INFO PausableInvocationsLogger - Acquiring request lock for [f: HockeyStats.scoreTable, m: gainedFocus, rq: 0] for request #0
14 янв. 2025 12:50:55,688  INFO PausableInvocationsLogger - Acquired request lock for [f: HockeyStats.scoreTable, m: gainedFocus, rq: 0] for request #0
14 янв. 2025 12:50:55,689  INFO PausableInvocationsLogger - Run invocation: [f: HockeyStats.scoreTable, m: gainedFocus, rq: 0]
14 янв. 2025 12:50:55,691  INFO PausableInvocationsLogger - Invocation [f: HockeyStats.scoreTable, m: gainedFocus, rq: 0] finished
14 янв. 2025 12:50:55,692  INFO PausableInvocationsLogger - Releasing request lock for [f: HockeyStats.scoreTable, m: gainedFocus, rq: 0] for request #0
14 янв. 2025 12:50:58,300  INFO PausableInvocationsLogger - Run invocation: [f: navigator, m: executeNavigatorAction, rq: 2]
14 янв. 2025 12:50:58,325  INFO PausableInvocationsLogger - Interaction [f: navigator, m: executeNavigatorAction, rq: 2] called delayUserInteraction: FormClientAction[showFormType: DOCKED]
14 янв. 2025 12:50:58,325  INFO PausableInvocationsLogger - Invocation [f: navigator, m: executeNavigatorAction, rq: 2] finished
14 янв. 2025 12:50:58,400  INFO PausableInvocationsLogger - Acquiring request lock for [f: HockeyStats.players, m: gainedFocus, rq: 0] for request #0
14 янв. 2025 12:50:58,400  INFO PausableInvocationsLogger - Acquired request lock for [f: HockeyStats.players, m: gainedFocus, rq: 0] for request #0
14 янв. 2025 12:50:58,402  INFO PausableInvocationsLogger - Run invocation: [f: HockeyStats.players, m: gainedFocus, rq: 0]
14 янв. 2025 12:50:58,404  INFO PausableInvocationsLogger - Invocation [f: HockeyStats.players, m: gainedFocus, rq: 0] finished
14 янв. 2025 12:50:58,404  INFO PausableInvocationsLogger - Releasing request lock for [f: HockeyStats.players, m: gainedFocus, rq: 0] for request #0
14 янв. 2025 12:51:02,716  INFO PausableInvocationsLogger - Run invocation: [f: navigator, m: executeNavigatorAction, rq: 3]
14 янв. 2025 12:51:02,742  INFO PausableInvocationsLogger - Interaction [f: navigator, m: executeNavigatorAction, rq: 3] called delayUserInteraction: FormClientAction[showFormType: DOCKED]
14 янв. 2025 12:51:02,742  INFO PausableInvocationsLogger - Invocation [f: navigator, m: executeNavigatorAction, rq: 3] finished
14 янв. 2025 12:51:02,801  INFO PausableInvocationsLogger - Acquiring request lock for [f: HockeyStats.scorers, m: gainedFocus, rq: 0] for request #0
14 янв. 2025 12:51:02,801  INFO PausableInvocationsLogger - Acquired request lock for [f: HockeyStats.scorers, m: gainedFocus, rq: 0] for request #0
14 янв. 2025 12:51:02,801  INFO PausableInvocationsLogger - Run invocation: [f: HockeyStats.scorers, m: gainedFocus, rq: 0]
14 янв. 2025 12:51:02,802  INFO PausableInvocationsLogger - Invocation [f: HockeyStats.scorers, m: gainedFocus, rq: 0] finished
14 янв. 2025 12:51:02,802  INFO PausableInvocationsLogger - Releasing request lock for [f: HockeyStats.scorers, m: gainedFocus, rq: 0] for request #0
14 янв. 2025 12:51:04,837  INFO PausableInvocationsLogger - Acquiring request lock for [f: HockeyStats.scoreTable, m: gainedFocus, rq: 1] for request #1
14 янв. 2025 12:51:04,837  INFO PausableInvocationsLogger - Acquired request lock for [f: HockeyStats.scoreTable, m: gainedFocus, rq: 1] for request #1
14 янв. 2025 12:51:04,837  INFO PausableInvocationsLogger - Run invocation: [f: HockeyStats.scoreTable, m: gainedFocus, rq: 1]
14 янв. 2025 12:51:04,838  INFO PausableInvocationsLogger - Invocation [f: HockeyStats.scoreTable, m: gainedFocus, rq: 1] finished
14 янв. 2025 12:51:04,839  INFO PausableInvocationsLogger - Releasing request lock for [f: HockeyStats.scoreTable, m: gainedFocus, rq: 1] for request #1
14 янв. 2025 12:51:07,941  INFO PausableInvocationsLogger - Run invocation: [f: navigator, m: executeNavigatorAction, rq: 4]
14 янв. 2025 12:51:07,941  INFO PausableInvocationsLogger - Invocation [f: navigator, m: executeNavigatorAction, rq: 4] finished
14 янв. 2025 12:51:30,449  INFO PausableInvocationsLogger - Run invocation: [f: navigator, m: executeNavigatorAction, rq: 5]
14 янв. 2025 12:51:30,496  INFO PausableInvocationsLogger - Interaction [f: navigator, m: executeNavigatorAction, rq: 5] called delayUserInteraction: FormClientAction[showFormType: DOCKED]
14 янв. 2025 12:51:30,496  INFO PausableInvocationsLogger - Invocation [f: navigator, m: executeNavigatorAction, rq: 5] finished
14 янв. 2025 12:51:30,683  INFO PausableInvocationsLogger - Acquiring request lock for [f: HockeyStats.scoreTable, m: gainedFocus, rq: 0] for request #0
14 янв. 2025 12:51:30,683  INFO PausableInvocationsLogger - Acquired request lock for [f: HockeyStats.scoreTable, m: gainedFocus, rq: 0] for request #0
14 янв. 2025 12:51:30,684  INFO PausableInvocationsLogger - Run invocation: [f: HockeyStats.scoreTable, m: gainedFocus, rq: 0]
14 янв. 2025 12:51:30,685  INFO PausableInvocationsLogger - Invocation [f: HockeyStats.scoreTable, m: gainedFocus, rq: 0] finished
14 янв. 2025 12:51:30,685  INFO PausableInvocationsLogger - Releasing request lock for [f: HockeyStats.scoreTable, m: gainedFocus, rq: 0] for request #0
14 янв. 2025 12:51:37,476  INFO PausableInvocationsLogger - Acquiring request lock for [f: HockeyStats.scoreTable, m: changeMode, rq: 1] for request #1
14 янв. 2025 12:51:37,476  INFO PausableInvocationsLogger - Acquired request lock for [f: HockeyStats.scoreTable, m: changeMode, rq: 1] for request #1
14 янв. 2025 12:51:37,476  INFO PausableInvocationsLogger - Run invocation: [f: HockeyStats.scoreTable, m: changeMode, rq: 1]
14 янв. 2025 12:51:37,484  INFO PausableInvocationsLogger - Invocation [f: HockeyStats.scoreTable, m: changeMode, rq: 1] finished
14 янв. 2025 12:51:37,484  INFO PausableInvocationsLogger - Releasing request lock for [f: HockeyStats.scoreTable, m: changeMode, rq: 1] for request #1
14 янв. 2025 12:51:37,546  INFO PausableInvocationsLogger - Acquiring request lock for [f: HockeyStats.scoreTable, m: changeMode, rq: 2] for request #2
14 янв. 2025 12:51:37,546  INFO PausableInvocationsLogger - Acquired request lock for [f: HockeyStats.scoreTable, m: changeMode, rq: 2] for request #2
14 янв. 2025 12:51:37,546  INFO PausableInvocationsLogger - Run invocation: [f: HockeyStats.scoreTable, m: changeMode, rq: 2]
14 янв. 2025 12:51:37,551  INFO PausableInvocationsLogger - Invocation [f: HockeyStats.scoreTable, m: changeMode, rq: 2] finished
14 янв. 2025 12:51:37,551  INFO PausableInvocationsLogger - Releasing request lock for [f: HockeyStats.scoreTable, m: changeMode, rq: 2] for request #2
14 янв. 2025 12:51:37,589  INFO PausableInvocationsLogger - Acquiring request lock for [f: HockeyStats.scoreTable, m: changeMode, rq: 3] for request #3
14 янв. 2025 12:51:37,590  INFO PausableInvocationsLogger - Acquired request lock for [f: HockeyStats.scoreTable, m: changeMode, rq: 3] for request #3
14 янв. 2025 12:51:37,590  INFO PausableInvocationsLogger - Run invocation: [f: HockeyStats.scoreTable, m: changeMode, rq: 3]
14 янв. 2025 12:51:37,591  INFO PausableInvocationsLogger - Invocation [f: HockeyStats.scoreTable, m: changeMode, rq: 3] finished
14 янв. 2025 12:51:37,591  INFO PausableInvocationsLogger - Releasing request lock for [f: HockeyStats.scoreTable, m: changeMode, rq: 3] for request #3
14 янв. 2025 12:51:39,157  INFO PausableInvocationsLogger - Acquiring request lock for [f: HockeyStats.scoreTable, m: changeMode, rq: 4] for request #4
14 янв. 2025 12:51:39,157  INFO PausableInvocationsLogger - Acquired request lock for [f: HockeyStats.scoreTable, m: changeMode, rq: 4] for request #4
14 янв. 2025 12:51:39,157  INFO PausableInvocationsLogger - Run invocation: [f: HockeyStats.scoreTable, m: changeMode, rq: 4]
14 янв. 2025 12:51:39,161  INFO PausableInvocationsLogger - Invocation [f: HockeyStats.scoreTable, m: changeMode, rq: 4] finished
14 янв. 2025 12:51:39,162  INFO PausableInvocationsLogger - Releasing request lock for [f: HockeyStats.scoreTable, m: changeMode, rq: 4] for request #4
14 янв. 2025 12:52:37,776  INFO PausableInvocationsLogger - Run invocation: [f: navigator, m: executeNavigatorAction, rq: 6]
14 янв. 2025 12:52:37,802  INFO PausableInvocationsLogger - Interaction [f: navigator, m: executeNavigatorAction, rq: 6] called delayUserInteraction: FormClientAction[showFormType: DOCKED]
14 янв. 2025 12:52:37,802  INFO PausableInvocationsLogger - Invocation [f: navigator, m: executeNavigatorAction, rq: 6] finished
14 янв. 2025 12:52:37,892  INFO PausableInvocationsLogger - Acquiring request lock for [f: HockeyStats.players, m: gainedFocus, rq: 0] for request #0
14 янв. 2025 12:52:37,892  INFO PausableInvocationsLogger - Acquired request lock for [f: HockeyStats.players, m: gainedFocus, rq: 0] for request #0
14 янв. 2025 12:52:37,893  INFO PausableInvocationsLogger - Run invocation: [f: HockeyStats.players, m: gainedFocus, rq: 0]
14 янв. 2025 12:52:37,893  INFO PausableInvocationsLogger - Invocation [f: HockeyStats.players, m: gainedFocus, rq: 0] finished
14 янв. 2025 12:52:37,894  INFO PausableInvocationsLogger - Releasing request lock for [f: HockeyStats.players, m: gainedFocus, rq: 0] for request #0
14 янв. 2025 12:52:39,012  INFO PausableInvocationsLogger - Run invocation: [f: navigator, m: executeNavigatorAction, rq: 7]
14 янв. 2025 12:52:39,046  INFO PausableInvocationsLogger - Interaction [f: navigator, m: executeNavigatorAction, rq: 7] called delayUserInteraction: FormClientAction[showFormType: DOCKED]
14 янв. 2025 12:52:39,046  INFO PausableInvocationsLogger - Invocation [f: navigator, m: executeNavigatorAction, rq: 7] finished
14 янв. 2025 12:52:39,153  INFO PausableInvocationsLogger - Acquiring request lock for [f: HockeyStats.scoreTable, m: gainedFocus, rq: 0] for request #0
14 янв. 2025 12:52:39,153  INFO PausableInvocationsLogger - Acquired request lock for [f: HockeyStats.scoreTable, m: gainedFocus, rq: 0] for request #0
14 янв. 2025 12:52:39,154  INFO PausableInvocationsLogger - Run invocation: [f: HockeyStats.scoreTable, m: gainedFocus, rq: 0]
14 янв. 2025 12:52:39,176  INFO PausableInvocationsLogger - Invocation [f: HockeyStats.scoreTable, m: gainedFocus, rq: 0] finished
14 янв. 2025 12:52:39,176  INFO PausableInvocationsLogger - Releasing request lock for [f: HockeyStats.scoreTable, m: gainedFocus, rq: 0] for request #0
