14 янв. 2025 12:34:53,250 ERROR SystemLogger - Failed to initialize tess4j. Add tess4j jar to classpath.
14 янв. 2025 12:50:34,817 ERROR SystemLogger - Failed to initialize tess4j. Add tess4j jar to classpath.
14 янв. 2025 12:58:41,499 ERROR StartLogger - Exception while starting logics instance: 
Error during parsing at HockeyStats:90:0
java.lang.AssertionError
	at lsfusion.server.logics.property.AggregateProperty.inferInnerValueClass(AggregateProperty.java:74)
	at lsfusion.server.logics.property.set.GroupProperty.inferInnerValueClass(GroupProperty.java:82)
	at lsfusion.server.logics.property.set.GroupProperty.calcInferValueClass(GroupProperty.java:112)
	at lsfusion.server.logics.property.Property.inferValueClass_aroundBody80(Property.java:2245)
	at lsfusion.server.logics.property.Property$AjcClosure81.run(Property.java:1)
	at org.aspectj.runtime.reflect.JoinPointImpl.proceed(JoinPointImpl.java:149)
	at lsfusion.server.base.caches.CacheAspect.execute(CacheAspect.java:258)
	at lsfusion.server.base.caches.CacheAspect.lazyExecute(CacheAspect.java:84)
	at lsfusion.server.base.caches.CacheAspect.lazyIdentityExecute(CacheAspect.java:324)
	at lsfusion.server.base.caches.CacheAspect.callMethod(CacheAspect.java:346)
	at lsfusion.server.base.caches.CacheAspect.callStartMethod(CacheAspect.java:354)
	at lsfusion.server.logics.property.Property.inferValueClass(Property.java:2244)
	at lsfusion.server.logics.property.Property.inferClassValueWhere_aroundBody58(Property.java:1479)
	at lsfusion.server.logics.property.Property$AjcClosure59.run(Property.java:1)
	at org.aspectj.runtime.reflect.JoinPointImpl.proceed(JoinPointImpl.java:149)
	at lsfusion.server.base.caches.CacheAspect.execute(CacheAspect.java:258)
	at lsfusion.server.base.caches.CacheAspect.lazyExecute(CacheAspect.java:84)
	at lsfusion.server.base.caches.CacheAspect.lazyIdentityExecute(CacheAspect.java:324)
	at lsfusion.server.base.caches.CacheAspect.callMethod(CacheAspect.java:346)
	at lsfusion.server.base.caches.CacheAspect.callStartMethod(CacheAspect.java:354)
	at lsfusion.server.logics.property.Property.inferClassValueWhere(Property.java:1473)
	at lsfusion.server.logics.property.Property.inferClassValueWhere(Property.java:1469)
	at lsfusion.server.logics.property.Property.inferEmpty_aroundBody114(Property.java:2481)
	at lsfusion.server.logics.property.Property$AjcClosure115.run(Property.java:1)
	at org.aspectj.runtime.reflect.JoinPointImpl.proceed(JoinPointImpl.java:149)
	at lsfusion.server.base.caches.CacheAspect.execute(CacheAspect.java:258)
	at lsfusion.server.base.caches.CacheAspect.lazyExecute(CacheAspect.java:84)
	at lsfusion.server.base.caches.CacheAspect.lazyIdentityExecute(CacheAspect.java:324)
	at lsfusion.server.base.caches.CacheAspect.callMethod(CacheAspect.java:346)
	at lsfusion.server.base.caches.CacheAspect.callMethod(CacheAspect.java:350)
	at lsfusion.server.logics.property.Property.inferEmpty(Property.java:2479)
	at lsfusion.server.logics.property.classes.infer.InferInfoType.isEmpty(InferInfoType.java:11)
	at lsfusion.server.logics.property.Property.isEmpty(Property.java:2471)
	at lsfusion.server.logics.property.Property.checkAlwaysNull(Property.java:2485)
	at lsfusion.server.language.ScriptingLogicsModuleChecks.checkPropertyValue(ScriptingLogicsModuleChecks.java:139)
	at lsfusion.server.language.ScriptingLogicsModule.addSettingsToProperty(ScriptingLogicsModule.java:1290)
	at lsfusion.server.language.LsfLogicsParser.propertyStatement(LsfLogicsParser.java:11963)
	at lsfusion.server.language.LsfLogicsParser.statement(LsfLogicsParser.java:912)
	at lsfusion.server.language.LsfLogicsParser.statements(LsfLogicsParser.java:728)
	at lsfusion.server.language.LsfLogicsParser.script(LsfLogicsParser.java:682)
	at lsfusion.server.language.ScriptParser.initParseStep(ScriptParser.java:61)
	at lsfusion.server.language.ScriptingLogicsModule.parseStep(ScriptingLogicsModule.java:5734)
	at lsfusion.server.language.ScriptingLogicsModule.initMainLogic(ScriptingLogicsModule.java:267)
	at lsfusion.server.logics.controller.init.InitMainLogicTask.runInnerTask(InitMainLogicTask.java:28)
	at lsfusion.server.language.ScriptingLogicsModule.runInit(ScriptingLogicsModule.java:326)
	at lsfusion.server.physics.dev.module.controller.init.GroupModuleTask.runTask(GroupModuleTask.java:20)
	at lsfusion.server.physics.dev.module.controller.init.GroupModuleTask.runTask(GroupModuleTask.java:1)
	at lsfusion.server.base.task.GroupSingleTask$1.run(GroupSingleTask.java:67)
	at lsfusion.server.base.task.Task.proceed(Task.java:154)
	at lsfusion.server.base.task.Task$1.aspectRun(Task.java:112)
	at lsfusion.server.base.controller.thread.ExecutorFactory$AspectRunnable.run(ExecutorFactory.java:476)
	at java.base/java.util.concurrent.ThreadPoolExecutor.runWorker(ThreadPoolExecutor.java:1144)
	at java.base/java.util.concurrent.ThreadPoolExecutor$Worker.run(ThreadPoolExecutor.java:642)
	at java.base/java.lang.Thread.run(Thread.java:1575)
	at lsfusion.server.base.controller.thread.ExecutorFactory$ClosableDaemonThreadFactory$ClosableThread.run(ExecutorFactory.java:558)
14 янв. 2025 12:59:05,285 ERROR StartLogger - Exception while starting logics instance: 
Error during parsing at HockeyStats:88:0
java.lang.AssertionError
	at lsfusion.server.logics.property.AggregateProperty.inferInnerValueClass(AggregateProperty.java:74)
	at lsfusion.server.logics.property.set.GroupProperty.inferInnerValueClass(GroupProperty.java:82)
	at lsfusion.server.logics.property.set.GroupProperty.calcInferValueClass(GroupProperty.java:112)
	at lsfusion.server.logics.property.Property.inferValueClass_aroundBody80(Property.java:2245)
	at lsfusion.server.logics.property.Property$AjcClosure81.run(Property.java:1)
	at org.aspectj.runtime.reflect.JoinPointImpl.proceed(JoinPointImpl.java:149)
	at lsfusion.server.base.caches.CacheAspect.execute(CacheAspect.java:258)
	at lsfusion.server.base.caches.CacheAspect.lazyExecute(CacheAspect.java:84)
	at lsfusion.server.base.caches.CacheAspect.lazyIdentityExecute(CacheAspect.java:324)
	at lsfusion.server.base.caches.CacheAspect.callMethod(CacheAspect.java:346)
	at lsfusion.server.base.caches.CacheAspect.callStartMethod(CacheAspect.java:354)
	at lsfusion.server.logics.property.Property.inferValueClass(Property.java:2244)
	at lsfusion.server.logics.property.Property.inferClassValueWhere_aroundBody58(Property.java:1479)
	at lsfusion.server.logics.property.Property$AjcClosure59.run(Property.java:1)
	at org.aspectj.runtime.reflect.JoinPointImpl.proceed(JoinPointImpl.java:149)
	at lsfusion.server.base.caches.CacheAspect.execute(CacheAspect.java:258)
	at lsfusion.server.base.caches.CacheAspect.lazyExecute(CacheAspect.java:84)
	at lsfusion.server.base.caches.CacheAspect.lazyIdentityExecute(CacheAspect.java:324)
	at lsfusion.server.base.caches.CacheAspect.callMethod(CacheAspect.java:346)
	at lsfusion.server.base.caches.CacheAspect.callStartMethod(CacheAspect.java:354)
	at lsfusion.server.logics.property.Property.inferClassValueWhere(Property.java:1473)
	at lsfusion.server.logics.property.Property.inferClassValueWhere(Property.java:1469)
	at lsfusion.server.logics.property.Property.inferEmpty_aroundBody114(Property.java:2481)
	at lsfusion.server.logics.property.Property$AjcClosure115.run(Property.java:1)
	at org.aspectj.runtime.reflect.JoinPointImpl.proceed(JoinPointImpl.java:149)
	at lsfusion.server.base.caches.CacheAspect.execute(CacheAspect.java:258)
	at lsfusion.server.base.caches.CacheAspect.lazyExecute(CacheAspect.java:84)
	at lsfusion.server.base.caches.CacheAspect.lazyIdentityExecute(CacheAspect.java:324)
	at lsfusion.server.base.caches.CacheAspect.callMethod(CacheAspect.java:346)
	at lsfusion.server.base.caches.CacheAspect.callMethod(CacheAspect.java:350)
	at lsfusion.server.logics.property.Property.inferEmpty(Property.java:2479)
	at lsfusion.server.logics.property.classes.infer.InferInfoType.isEmpty(InferInfoType.java:11)
	at lsfusion.server.logics.property.Property.isEmpty(Property.java:2471)
	at lsfusion.server.logics.property.Property.checkAlwaysNull(Property.java:2485)
	at lsfusion.server.language.ScriptingLogicsModuleChecks.checkPropertyValue(ScriptingLogicsModuleChecks.java:139)
	at lsfusion.server.language.ScriptingLogicsModule.addSettingsToProperty(ScriptingLogicsModule.java:1290)
	at lsfusion.server.language.LsfLogicsParser.propertyStatement(LsfLogicsParser.java:11963)
	at lsfusion.server.language.LsfLogicsParser.statement(LsfLogicsParser.java:912)
	at lsfusion.server.language.LsfLogicsParser.statements(LsfLogicsParser.java:728)
	at lsfusion.server.language.LsfLogicsParser.script(LsfLogicsParser.java:682)
	at lsfusion.server.language.ScriptParser.initParseStep(ScriptParser.java:61)
	at lsfusion.server.language.ScriptingLogicsModule.parseStep(ScriptingLogicsModule.java:5734)
	at lsfusion.server.language.ScriptingLogicsModule.initMainLogic(ScriptingLogicsModule.java:267)
	at lsfusion.server.logics.controller.init.InitMainLogicTask.runInnerTask(InitMainLogicTask.java:28)
	at lsfusion.server.language.ScriptingLogicsModule.runInit(ScriptingLogicsModule.java:326)
	at lsfusion.server.physics.dev.module.controller.init.GroupModuleTask.runTask(GroupModuleTask.java:20)
	at lsfusion.server.physics.dev.module.controller.init.GroupModuleTask.runTask(GroupModuleTask.java:1)
	at lsfusion.server.base.task.GroupSingleTask$1.run(GroupSingleTask.java:67)
	at lsfusion.server.base.task.Task.proceed(Task.java:154)
	at lsfusion.server.base.task.Task$1.aspectRun(Task.java:112)
	at lsfusion.server.base.controller.thread.ExecutorFactory$AspectRunnable.run(ExecutorFactory.java:476)
	at java.base/java.util.concurrent.ThreadPoolExecutor.runWorker(ThreadPoolExecutor.java:1144)
	at java.base/java.util.concurrent.ThreadPoolExecutor$Worker.run(ThreadPoolExecutor.java:642)
	at java.base/java.lang.Thread.run(Thread.java:1575)
	at lsfusion.server.base.controller.thread.ExecutorFactory$ClosableDaemonThreadFactory$ClosableThread.run(ExecutorFactory.java:558)
14 янв. 2025 12:59:59,663 ERROR SystemLogger - Failed to initialize tess4j. Add tess4j jar to classpath.
14 янв. 2025 13:04:47,320 ERROR SystemLogger - Failed to initialize tess4j. Add tess4j jar to classpath.
14 янв. 2025 13:09:11,329 ERROR SystemLogger - Failed to initialize tess4j. Add tess4j jar to classpath.
14 янв. 2025 13:14:33,733 ERROR SystemLogger - Failed to initialize tess4j. Add tess4j jar to classpath.
14 янв. 2025 13:18:24,269 ERROR SystemLogger - Failed to initialize tess4j. Add tess4j jar to classpath.
14 янв. 2025 13:45:39,460 ERROR SystemLogger - Failed to initialize tess4j. Add tess4j jar to classpath.
14 янв. 2025 13:51:31,353 ERROR SystemLogger - Failed to initialize tess4j. Add tess4j jar to classpath.
14 янв. 2025 13:54:54,625 ERROR SystemLogger - Failed to initialize tess4j. Add tess4j jar to classpath.
14 янв. 2025 13:56:33,700 ERROR SystemLogger - Failed to initialize tess4j. Add tess4j jar to classpath.
14 янв. 2025 13:59:49,888 ERROR SystemLogger - Failed to initialize tess4j. Add tess4j jar to classpath.
14 янв. 2025 14:05:22,973 ERROR SystemLogger - Failed to initialize tess4j. Add tess4j jar to classpath.
14 янв. 2025 14:07:10,514 ERROR SystemLogger - Failed to initialize tess4j. Add tess4j jar to classpath.
14 янв. 2025 14:13:38,958 ERROR SystemLogger - Failed to initialize tess4j. Add tess4j jar to classpath.
14 янв. 2025 14:19:25,080 ERROR SystemLogger - Failed to initialize tess4j. Add tess4j jar to classpath.
14 янв. 2025 14:21:36,730 ERROR SystemLogger - Failed to initialize tess4j. Add tess4j jar to classpath.
14 янв. 2025 14:27:08,209 ERROR SystemLogger - Failed to initialize tess4j. Add tess4j jar to classpath.
14 янв. 2025 14:28:13,219 ERROR SystemLogger - Failed to initialize tess4j. Add tess4j jar to classpath.
14 янв. 2025 14:29:02,821 ERROR SystemLogger - Failed to initialize tess4j. Add tess4j jar to classpath.
14 янв. 2025 14:31:40,445 ERROR SystemLogger - Failed to initialize tess4j. Add tess4j jar to classpath.
14 янв. 2025 14:33:13,278 ERROR SystemLogger - Failed to initialize tess4j. Add tess4j jar to classpath.
14 янв. 2025 15:13:21,108 ERROR SystemLogger - Failed to initialize tess4j. Add tess4j jar to classpath.
14 янв. 2025 15:15:15,763 ERROR SystemLogger - Failed to initialize tess4j. Add tess4j jar to classpath.
14 янв. 2025 15:17:13,063 ERROR SystemLogger - Failed to initialize tess4j. Add tess4j jar to classpath.
14 янв. 2025 15:22:38,421 ERROR StartLogger - Exception while starting logics instance: [error]:
	HockeyStats:173:5 property or action 'gameName[HockeyStats.Goal]' is not found
Subsequent errors (if any) could not be found.
14 янв. 2025 15:31:17,435 ERROR StartLogger - Exception while starting logics instance: [error]:
	Main.lsf:1:1 mismatched input '<EOF>' expecting 'MODULE'

14 янв. 2025 15:32:39,084 ERROR StartLogger - Exception while starting logics instance: [error]:
	Main.lsf:1:1 mismatched input '<EOF>' expecting 'MODULE'

14 янв. 2025 15:33:40,949 ERROR SystemLogger - Failed to initialize tess4j. Add tess4j jar to classpath.
14 янв. 2025 15:38:14,818 ERROR SystemLogger - Failed to initialize tess4j. Add tess4j jar to classpath.
14 янв. 2025 15:42:27,363 ERROR SystemLogger - Failed to initialize tess4j. Add tess4j jar to classpath.
14 янв. 2025 15:45:43,881 ERROR SystemLogger - Failed to initialize tess4j. Add tess4j jar to classpath.
14 янв. 2025 15:47:44,310 ERROR SystemLogger - Failed to initialize tess4j. Add tess4j jar to classpath.
14 янв. 2025 15:50:58,293 ERROR SystemLogger - Failed to initialize tess4j. Add tess4j jar to classpath.
14 янв. 2025 15:52:34,241 ERROR SystemLogger - Failed to initialize tess4j. Add tess4j jar to classpath.
14 янв. 2025 15:54:27,284 ERROR StartLogger - Exception while starting logics instance: 
java.lang.RuntimeException: [error]:	there is a circular dependency between required modules: Goal <- Game <- Goal
	at lsfusion.server.physics.dev.module.ModuleList.checkCycles(ModuleList.java:147)
	at lsfusion.server.physics.dev.module.ModuleList.buildModuleGraphWithOrderDependencies(ModuleList.java:44)
	at lsfusion.server.physics.dev.module.ModuleList.orderModules(ModuleList.java:37)
	at lsfusion.server.logics.BusinessLogics.initModuleOrders(BusinessLogics.java:421)
	at lsfusion.server.physics.dev.module.controller.init.InitModuleOrderTask.run(InitModuleOrderTask.java:13)
	at lsfusion.server.base.task.Task.proceed(Task.java:154)
	at lsfusion.server.base.task.Task$1.aspectRun(Task.java:112)
	at lsfusion.server.base.controller.thread.ExecutorFactory$AspectRunnable.run(ExecutorFactory.java:476)
	at java.base/java.util.concurrent.ThreadPoolExecutor.runWorker(ThreadPoolExecutor.java:1144)
	at java.base/java.util.concurrent.ThreadPoolExecutor$Worker.run(ThreadPoolExecutor.java:642)
	at java.base/java.lang.Thread.run(Thread.java:1575)
	at lsfusion.server.base.controller.thread.ExecutorFactory$ClosableDaemonThreadFactory$ClosableThread.run(ExecutorFactory.java:558)
14 янв. 2025 15:59:39,260 ERROR SystemLogger - Failed to initialize tess4j. Add tess4j jar to classpath.
14 янв. 2025 16:02:06,324 ERROR SystemLogger - Failed to initialize tess4j. Add tess4j jar to classpath.
14 янв. 2025 16:08:08,817 ERROR SystemLogger - Failed to initialize tess4j. Add tess4j jar to classpath.
