14 янв. 2025 12:34:20,161  INFO StartLogger - Server is starting...
14 янв. 2025 12:34:20,222  INFO StartLogger - Current version: 6.0-beta1 (310)
14 янв. 2025 12:34:21,049  INFO StartLogger - Logics instance is starting...
14 янв. 2025 12:34:21,083  INFO StartLogger - Initializing BusinessLogics
14 янв. 2025 12:34:21,120  INFO StartLogger - Creating modules
14 янв. 2025 12:34:21,120  INFO StartLogger - Initializing string literals data
14 янв. 2025 12:34:21,120  INFO StartLogger - Initializing localizer
14 янв. 2025 12:34:21,464  INFO StartLogger - Initializing dependencies
14 янв. 2025 12:34:21,741  INFO StartLogger - Initializing modules order
14 янв. 2025 12:34:21,742  INFO StartLogger - Initializing metacodes and classes
14 янв. 2025 12:34:22,275  INFO StartLogger - Initializing object class
14 янв. 2025 12:34:22,277  INFO StartLogger - Initializing tables
14 янв. 2025 12:34:22,327  INFO StartLogger - Initializing class tables
14 янв. 2025 12:34:22,410  INFO StartLogger - Initializing full tables with one key
14 янв. 2025 12:34:22,411  INFO StartLogger - Initializing main logic
14 янв. 2025 12:34:22,420  INFO StartLogger - Initializing main logic for module : #1 of 50 System (actual: 1)
14 янв. 2025 12:34:22,912  INFO StartLogger - Initializing main logic for module : #2 of 50 MasterData (actual: 7)
14 янв. 2025 12:34:22,913  INFO StartLogger - Initializing main logic for module : #3 of 50 UserEvents (actual: 15)
14 янв. 2025 12:34:22,915  INFO StartLogger - Initializing main logic for module : #4 of 50 Printer (actual: 10)
14 янв. 2025 12:34:22,918  INFO StartLogger - Initializing main logic for module : #5 of 50 Time (actual: 2)
14 янв. 2025 12:34:22,921  INFO StartLogger - Initializing main logic for module : #6 of 50 HockeyStats (actual: 38)
14 янв. 2025 12:34:22,965  INFO StartLogger - Initializing main logic for module : #7 of 50 Image (actual: 11)
14 янв. 2025 12:34:22,968  INFO StartLogger - Initializing main logic for module : #8 of 50 DefaultData (actual: 12)
14 янв. 2025 12:34:22,973  INFO StartLogger - Initializing main logic for module : #9 of 50 Numerator (actual: 13)
14 янв. 2025 12:34:22,976  INFO StartLogger - Initializing main logic for module : #10 of 50 Integration (actual: 41)
14 янв. 2025 12:34:22,979  INFO StartLogger - Initializing main logic for module : #11 of 50 Com (actual: 44)
14 янв. 2025 12:34:22,981  INFO StartLogger - Initializing main logic for module : #12 of 50 Sound (actual: 27)
14 янв. 2025 12:34:22,982  INFO StartLogger - Initializing main logic for module : #13 of 50 ProcessUtils (actual: 29)
14 янв. 2025 12:34:23,386  INFO StartLogger - Initializing main logic for module : #14 of 50 Utils (actual: 3)
14 янв. 2025 12:34:23,496  INFO StartLogger - Initializing main logic for module : #15 of 50 Hierarchy (actual: 17)
14 янв. 2025 12:34:23,496  INFO StartLogger - Initializing main logic for module : #17 of 50 Schedule (actual: 50)
14 янв. 2025 12:34:23,496  INFO StartLogger - Initializing main logic for module : #16 of 50 I18n (actual: 26)
14 янв. 2025 12:34:23,515  INFO StartLogger - Initializing main logic for module : #18 of 50 Authentication (actual: 4)
14 янв. 2025 12:34:23,515  INFO StartLogger - Initializing main logic for module : #19 of 50 Excel (actual: 18)
14 янв. 2025 12:34:23,872  INFO StartLogger - Initializing main logic for module : #20 of 50 Historizable (actual: 16)
14 янв. 2025 12:34:23,872  INFO StartLogger - Initializing main logic for module : #22 of 50 Reflection (actual: 5)
14 янв. 2025 12:34:23,872  INFO StartLogger - Initializing main logic for module : #23 of 50 Document (actual: 14)
14 янв. 2025 12:34:23,872  INFO StartLogger - Initializing main logic for module : #21 of 50 ProcessMonitor (actual: 39)
14 янв. 2025 12:34:24,100  INFO StartLogger - Initializing main logic for module : #24 of 50 SystemEvents (actual: 6)
14 янв. 2025 12:34:24,111  INFO StartLogger - Initializing main logic for module : #25 of 50 Messenger (actual: 24)
14 янв. 2025 12:34:24,144  INFO StartLogger - Initializing main logic for module : #26 of 50 Telegram (actual: 45)
14 янв. 2025 12:34:24,154  INFO StartLogger - Initializing main logic for module : #27 of 50 Viber (actual: 31)
14 янв. 2025 12:34:24,168  INFO StartLogger - Initializing main logic for module : #28 of 50 Slack (actual: 33)
14 янв. 2025 12:34:24,177  INFO StartLogger - Initializing main logic for module : #29 of 50 Whatsapp (actual: 25)
14 янв. 2025 12:34:24,186  INFO StartLogger - Initializing main logic for module : #30 of 50 Skype (actual: 48)
14 янв. 2025 12:34:24,408  INFO StartLogger - Initializing main logic for module : #31 of 50 Word (actual: 8)
14 янв. 2025 12:34:24,408  INFO StartLogger - Initializing main logic for module : #34 of 50 Icon (actual: 34)
14 янв. 2025 12:34:24,408  INFO StartLogger - Initializing main logic for module : #33 of 50 QZTray (actual: 28)
14 янв. 2025 12:34:24,408  INFO StartLogger - Initializing main logic for module : #32 of 50 WebSocket (actual: 46)
14 янв. 2025 12:34:24,421  INFO StartLogger - Initializing main logic for module : #35 of 50 Email (actual: 19)
14 янв. 2025 12:34:24,529  INFO StartLogger - Initializing main logic for module : #36 of 50 Geo (actual: 30)
14 янв. 2025 12:34:24,558  INFO StartLogger - Initializing main logic for module : #37 of 50 RabbitMQ (actual: 47)
14 янв. 2025 12:34:24,570  INFO StartLogger - Initializing main logic for module : #38 of 50 OpenCV (actual: 49)
14 янв. 2025 12:34:24,583  INFO StartLogger - Initializing main logic for module : #39 of 50 Carousel (actual: 9)
14 янв. 2025 12:34:24,584  INFO StartLogger - Initializing main logic for module : #40 of 50 FrappeGantt (actual: 35)
14 янв. 2025 12:34:24,586  INFO StartLogger - Initializing main logic for module : #41 of 50 JKanban (actual: 32)
14 янв. 2025 12:34:24,587  INFO StartLogger - Initializing main logic for module : #42 of 50 Chart (actual: 43)
14 янв. 2025 12:34:24,611  INFO StartLogger - Initializing main logic for module : #43 of 50 Security (actual: 20)
14 янв. 2025 12:34:24,850  INFO StartLogger - Initializing main logic for module : #44 of 50 Service (actual: 21)
14 янв. 2025 12:34:24,997  INFO StartLogger - Initializing main logic for module : #45 of 50 Chat (actual: 42)
14 янв. 2025 12:34:24,998  INFO StartLogger - Initializing main logic for module : #46 of 50 SQLUtils (actual: 40)
14 янв. 2025 12:34:25,004  INFO StartLogger - Initializing main logic for module : #47 of 50 Profiler (actual: 22)
14 янв. 2025 12:34:25,043  INFO StartLogger - Initializing main logic for module : #48 of 50 Eval (actual: 23)
14 янв. 2025 12:34:25,090  INFO StartLogger - Initializing main logic for module : #49 of 50 Scheduler (actual: 36)
14 янв. 2025 12:34:25,270  INFO StartLogger - Initializing main logic for module : #50 of 50 Backup (actual: 37)
14 янв. 2025 12:34:25,293  INFO StartLogger - Finalizing groups
14 янв. 2025 12:34:25,293  INFO StartLogger - Finalizing classes
14 янв. 2025 12:34:25,295  INFO StartLogger - Checking for duplicate elements
14 янв. 2025 12:34:25,311  INFO StartLogger - Initializing class dialog forms
14 янв. 2025 12:34:25,311  INFO StartLogger - Filling implicit cases
14 янв. 2025 12:34:25,315  INFO StartLogger - Initializing abstract properties
14 янв. 2025 12:34:25,332  INFO StartLogger - Finalizing abstract actions
14 янв. 2025 12:34:25,396  INFO StartLogger - Initializing fields for data and materialized properties
14 янв. 2025 12:34:25,404  INFO StartLogger - Looking for recursions in abstract actions
14 янв. 2025 12:34:25,409  INFO StartLogger - Initializing class aggr props
14 янв. 2025 12:34:25,469  INFO StartLogger - Checking abstract
14 янв. 2025 12:34:25,470  INFO StartLogger - Finalizing navigator elements
14 янв. 2025 12:34:25,470  INFO StartLogger - Setting up property policy
14 янв. 2025 12:34:25,471  INFO StartLogger - Setting up drill-down
14 янв. 2025 12:34:25,692  INFO StartLogger - Finalizing tables
14 янв. 2025 12:34:25,692  INFO StartLogger - Initializing indices
14 янв. 2025 12:34:25,701  INFO StartLogger - Initializing reflection events
14 янв. 2025 12:34:25,705  INFO StartLogger - Setting up action policy
14 янв. 2025 12:34:28,937  INFO StartLogger - Initializing class data indexes
14 янв. 2025 12:34:28,938  INFO StartLogger - Setting up loggables
14 янв. 2025 12:34:28,939  INFO StartLogger - Finalizing forms
14 янв. 2025 12:34:28,969  INFO StartLogger - Finalizing properties
14 янв. 2025 12:34:28,989  INFO StartLogger - Synchronizing DB
14 янв. 2025 12:34:29,295  INFO StartLogger - Checking indexes
14 янв. 2025 12:34:29,299  INFO StartLogger - Creating tables
14 янв. 2025 12:34:37,036  INFO StartLogger - Updating stats
14 янв. 2025 12:34:37,249  INFO StartLogger - Adding indexes
14 янв. 2025 12:34:37,950  INFO StartLogger - Packing tables
14 янв. 2025 12:34:37,950  INFO StartLogger - Filling static objects ids
14 янв. 2025 12:34:38,309  INFO StartLogger - Prereading form property events
14 янв. 2025 12:34:38,956  INFO StartLogger - Initializing lazy properties
14 янв. 2025 12:34:38,981  INFO StartLogger - Looking for recursions in abstract properties
14 янв. 2025 12:34:38,981  INFO StartLogger - Reading global events / materialized properties links
14 янв. 2025 12:34:39,890  INFO StartLogger - Building global events / materialized properties list
14 янв. 2025 12:34:39,925  INFO StartLogger - Reading local events links
14 янв. 2025 12:34:39,943  INFO StartLogger - Building local events list
14 янв. 2025 12:34:39,961  INFO StartLogger - Writing static objects changes
14 янв. 2025 12:34:46,142  INFO StartLogger - Migrating reflection properties and actions
14 янв. 2025 12:34:47,266  INFO StartLogger - Initializing security manager
14 янв. 2025 12:34:47,267  INFO StartLogger - Starting security manager
14 янв. 2025 12:34:48,943  INFO StartLogger - Starting RMI manager
14 янв. 2025 12:34:49,000  INFO StartLogger - Executing onInit action
14 янв. 2025 12:34:49,001  INFO StartLogger - Synchronizing icons
14 янв. 2025 12:34:49,000  INFO StartLogger - Initializing actions' debugger
14 янв. 2025 12:34:49,040  INFO StartLogger - Executing onStarted action
14 янв. 2025 12:34:51,789  INFO SystemLogger - Setting hostname: null
14 янв. 2025 12:34:51,862  INFO StartLogger - Starting Scheduler
14 янв. 2025 12:34:53,391  INFO SystemLogger - Change current time snapshots to 2025-01-14T12:34:53.391832400, 2025-01-14T09:34:53.391832400Z
14 янв. 2025 12:34:53,690  INFO SystemLogger - ChangeCurrentDate started: from null to 2025-01-14
14 янв. 2025 12:34:53,716  INFO SystemLogger - ChangeCurrentDate finished
14 янв. 2025 12:35:04,427  INFO StartLogger - Prereading auto icons
14 янв. 2025 12:35:04,427  INFO StartLogger - Exporting RMI logics object (port: 7652)
14 янв. 2025 12:35:04,603  INFO StartLogger - Exporting RMI logics object (port: 7652) ended
14 янв. 2025 12:35:10,283  INFO StartLogger - Prereading auto icons ended
14 янв. 2025 12:35:10,284  INFO SystemLogger - Binding WebSocketServer
14 янв. 2025 12:35:10,308  INFO SystemLogger - Binding ExternalHTTPServer
14 янв. 2025 12:35:10,340  INFO SystemLogger - Binding RabbitMQServer
14 янв. 2025 12:35:10,345  INFO StartLogger - Prereading caches for properties
14 янв. 2025 12:35:10,345  INFO StartLogger - Prereading properties graph
14 янв. 2025 12:35:10,345  INFO StartLogger - Reading modules hash
14 янв. 2025 12:35:10,345  INFO StartLogger - Prereading caches for properties ended
14 янв. 2025 12:35:10,348  INFO StartLogger - Comparing modulesHash: old null, new 4f361ea7
14 янв. 2025 12:35:10,349  INFO StartLogger - Synchronizing property entities
14 янв. 2025 12:35:10,349  INFO StartLogger - Synchronizing forms
14 янв. 2025 12:35:10,349  INFO StartLogger - Synchronizing tables
14 янв. 2025 12:35:10,349  INFO StartLogger - Synchronizing group properties
14 янв. 2025 12:35:10,349  INFO StartLogger - Synchronizing tables started
14 янв. 2025 12:35:10,350  INFO StartLogger - Synchronizing property parents
14 янв. 2025 12:35:10,350  INFO StartLogger - Synchronizing navigator elements
14 янв. 2025 12:35:10,350  INFO StartLogger - Synchronizing group objects
14 янв. 2025 12:35:10,350  INFO StartLogger - Synchronizing parents
14 янв. 2025 12:35:10,350  INFO StartLogger - Synchronizing property draws
14 янв. 2025 12:35:10,350  INFO StartLogger - Prereading security policies
14 янв. 2025 12:35:12,215  INFO StartLogger - Synchronizing tables finished, 1866ms
14 янв. 2025 12:35:12,216  INFO StartLogger - Recalculating Stats and Materializations at first start
14 янв. 2025 12:35:12,216  INFO StartLogger - Writing modulesHash 4f361ea7 started
14 янв. 2025 12:35:12,242  INFO StartLogger - Writing modulesHash 4f361ea7 finished, 26ms
14 янв. 2025 12:35:12,243  INFO StartLogger - Cleaning obsolete caches started
14 янв. 2025 12:35:12,252  INFO StartLogger - Cleaning obsolete caches finished, 9ms
14 янв. 2025 12:35:12,253  INFO StartLogger - Executing onFinallyStarted started
14 янв. 2025 12:35:12,419  INFO StartLogger - Executing onFinallyStarted finished, 166ms
14 янв. 2025 12:35:12,420  INFO StartLogger - Logics instance has successfully started
14 янв. 2025 12:35:12,420  INFO StartLogger - Desktop Client is available at:
14 янв. 2025 12:35:12,421  INFO StartLogger - Java Web Start (with auto update, requires JDK): https://download.lsfusion.org/java/lsfusion-client-6.0-beta1.jnlp
14 янв. 2025 12:35:12,421  INFO StartLogger - Installer for Windows (without auto update): https://download.lsfusion.org/exe/lsfusion-desktop-6.0-beta1-x64.exe
14 янв. 2025 12:35:12,421  INFO StartLogger - Server has successfully started in 52798 ms
14 янв. 2025 12:50:22,679  INFO StartLogger - Server is starting...
14 янв. 2025 12:50:22,716  INFO StartLogger - Current version: 6.0-beta1 (310)
14 янв. 2025 12:50:23,547  INFO StartLogger - Logics instance is starting...
14 янв. 2025 12:50:23,587  INFO StartLogger - Initializing BusinessLogics
14 янв. 2025 12:50:23,600  INFO StartLogger - Creating modules
14 янв. 2025 12:50:23,600  INFO StartLogger - Initializing localizer
14 янв. 2025 12:50:23,600  INFO StartLogger - Initializing string literals data
14 янв. 2025 12:50:23,961  INFO StartLogger - Initializing dependencies
14 янв. 2025 12:50:24,217  INFO StartLogger - Initializing modules order
14 янв. 2025 12:50:24,218  INFO StartLogger - Initializing metacodes and classes
14 янв. 2025 12:50:24,740  INFO StartLogger - Initializing object class
14 янв. 2025 12:50:24,743  INFO StartLogger - Initializing tables
14 янв. 2025 12:50:24,791  INFO StartLogger - Initializing class tables
14 янв. 2025 12:50:24,865  INFO StartLogger - Initializing full tables with one key
14 янв. 2025 12:50:24,866  INFO StartLogger - Initializing main logic
14 янв. 2025 12:50:24,874  INFO StartLogger - Initializing main logic for module : #1 of 50 System (actual: 1)
14 янв. 2025 12:50:25,323  INFO StartLogger - Initializing main logic for module : #2 of 50 Sound (actual: 27)
14 янв. 2025 12:50:25,323  INFO StartLogger - Initializing main logic for module : #4 of 50 HockeyStats (actual: 38)
14 янв. 2025 12:50:25,323  INFO StartLogger - Initializing main logic for module : #3 of 50 Com (actual: 44)
14 янв. 2025 12:50:25,324  INFO StartLogger - Initializing main logic for module : #5 of 50 Time (actual: 2)
14 янв. 2025 12:50:25,327  INFO StartLogger - Initializing main logic for module : #6 of 50 Printer (actual: 10)
14 янв. 2025 12:50:25,328  INFO StartLogger - Initializing main logic for module : #7 of 50 UserEvents (actual: 15)
14 янв. 2025 12:50:25,343  INFO StartLogger - Initializing main logic for module : #8 of 50 MasterData (actual: 7)
14 янв. 2025 12:50:25,347  INFO StartLogger - Initializing main logic for module : #9 of 50 Image (actual: 11)
14 янв. 2025 12:50:25,376  INFO StartLogger - Initializing main logic for module : #10 of 50 DefaultData (actual: 12)
14 янв. 2025 12:50:25,383  INFO StartLogger - Initializing main logic for module : #11 of 50 Numerator (actual: 13)
14 янв. 2025 12:50:25,385  INFO StartLogger - Initializing main logic for module : #12 of 50 Integration (actual: 41)
14 янв. 2025 12:50:25,394  INFO StartLogger - Initializing main logic for module : #13 of 50 ProcessUtils (actual: 29)
14 янв. 2025 12:50:25,858  INFO StartLogger - Initializing main logic for module : #14 of 50 Utils (actual: 3)
14 янв. 2025 12:50:25,956  INFO StartLogger - Initializing main logic for module : #15 of 50 Authentication (actual: 4)
14 янв. 2025 12:50:25,956  INFO StartLogger - Initializing main logic for module : #16 of 50 I18n (actual: 26)
14 янв. 2025 12:50:25,956  INFO StartLogger - Initializing main logic for module : #17 of 50 Excel (actual: 18)
14 янв. 2025 12:50:25,956  INFO StartLogger - Initializing main logic for module : #18 of 50 Schedule (actual: 50)
14 янв. 2025 12:50:25,998  INFO StartLogger - Initializing main logic for module : #19 of 50 Hierarchy (actual: 17)
14 янв. 2025 12:50:26,236  INFO StartLogger - Initializing main logic for module : #20 of 50 Document (actual: 14)
14 янв. 2025 12:50:26,236  INFO StartLogger - Initializing main logic for module : #22 of 50 Reflection (actual: 5)
14 янв. 2025 12:50:26,236  INFO StartLogger - Initializing main logic for module : #23 of 50 Historizable (actual: 16)
14 янв. 2025 12:50:26,236  INFO StartLogger - Initializing main logic for module : #21 of 50 ProcessMonitor (actual: 39)
14 янв. 2025 12:50:26,391  INFO StartLogger - Initializing main logic for module : #24 of 50 SystemEvents (actual: 6)
14 янв. 2025 12:50:26,391  INFO StartLogger - Initializing main logic for module : #25 of 50 Messenger (actual: 24)
14 янв. 2025 12:50:26,440  INFO StartLogger - Initializing main logic for module : #26 of 50 Whatsapp (actual: 25)
14 янв. 2025 12:50:26,442  INFO StartLogger - Initializing main logic for module : #27 of 50 Slack (actual: 33)
14 янв. 2025 12:50:26,442  INFO StartLogger - Initializing main logic for module : #28 of 50 Telegram (actual: 45)
14 янв. 2025 12:50:26,532  INFO StartLogger - Initializing main logic for module : #29 of 50 Viber (actual: 31)
14 янв. 2025 12:50:26,570  INFO StartLogger - Initializing main logic for module : #30 of 50 Skype (actual: 48)
14 янв. 2025 12:50:26,797  INFO StartLogger - Initializing main logic for module : #31 of 50 Geo (actual: 30)
14 янв. 2025 12:50:26,800  INFO StartLogger - Initializing main logic for module : #32 of 50 Carousel (actual: 9)
14 янв. 2025 12:50:26,802  INFO StartLogger - Initializing main logic for module : #33 of 50 Icon (actual: 34)
14 янв. 2025 12:50:26,814  INFO StartLogger - Initializing main logic for module : #34 of 50 WebSocket (actual: 46)
14 янв. 2025 12:50:26,821  INFO StartLogger - Initializing main logic for module : #35 of 50 Email (actual: 19)
14 янв. 2025 12:50:26,821  INFO StartLogger - Initializing main logic for module : #36 of 50 Word (actual: 8)
14 янв. 2025 12:50:26,843  INFO StartLogger - Initializing main logic for module : #37 of 50 RabbitMQ (actual: 47)
14 янв. 2025 12:50:26,861  INFO StartLogger - Initializing main logic for module : #38 of 50 OpenCV (actual: 49)
14 янв. 2025 12:50:26,866  INFO StartLogger - Initializing main logic for module : #39 of 50 QZTray (actual: 28)
14 янв. 2025 12:50:26,899  INFO StartLogger - Initializing main logic for module : #40 of 50 FrappeGantt (actual: 35)
14 янв. 2025 12:50:26,901  INFO StartLogger - Initializing main logic for module : #41 of 50 JKanban (actual: 32)
14 янв. 2025 12:50:26,914  INFO StartLogger - Initializing main logic for module : #42 of 50 Chart (actual: 43)
14 янв. 2025 12:50:26,938  INFO StartLogger - Initializing main logic for module : #43 of 50 Security (actual: 20)
14 янв. 2025 12:50:27,126  INFO StartLogger - Initializing main logic for module : #44 of 50 Service (actual: 21)
14 янв. 2025 12:50:27,302  INFO StartLogger - Initializing main logic for module : #45 of 50 Scheduler (actual: 36)
14 янв. 2025 12:50:27,303  INFO StartLogger - Initializing main logic for module : #46 of 50 Profiler (actual: 22)
14 янв. 2025 12:50:27,341  INFO StartLogger - Initializing main logic for module : #47 of 50 Eval (actual: 23)
14 янв. 2025 12:50:27,345  INFO StartLogger - Initializing main logic for module : #48 of 50 Chat (actual: 42)
14 янв. 2025 12:50:27,428  INFO StartLogger - Initializing main logic for module : #49 of 50 SQLUtils (actual: 40)
14 янв. 2025 12:50:27,488  INFO StartLogger - Initializing main logic for module : #50 of 50 Backup (actual: 37)
14 янв. 2025 12:50:27,518  INFO StartLogger - Finalizing groups
14 янв. 2025 12:50:27,518  INFO StartLogger - Finalizing classes
14 янв. 2025 12:50:27,518  INFO StartLogger - Checking for duplicate elements
14 янв. 2025 12:50:27,536  INFO StartLogger - Initializing class dialog forms
14 янв. 2025 12:50:27,536  INFO StartLogger - Filling implicit cases
14 янв. 2025 12:50:27,536  INFO StartLogger - Initializing abstract properties
14 янв. 2025 12:50:27,537  INFO StartLogger - Finalizing abstract actions
14 янв. 2025 12:50:27,624  INFO StartLogger - Initializing class aggr props
14 янв. 2025 12:50:27,624  INFO StartLogger - Initializing fields for data and materialized properties
14 янв. 2025 12:50:27,643  INFO StartLogger - Checking abstract
14 янв. 2025 12:50:27,660  INFO StartLogger - Looking for recursions in abstract actions
14 янв. 2025 12:50:27,769  INFO StartLogger - Setting up property policy
14 янв. 2025 12:50:27,770  INFO StartLogger - Finalizing navigator elements
14 янв. 2025 12:50:27,771  INFO StartLogger - Setting up drill-down
14 янв. 2025 12:50:27,914  INFO StartLogger - Finalizing tables
14 янв. 2025 12:50:27,914  INFO StartLogger - Initializing indices
14 янв. 2025 12:50:28,077  INFO StartLogger - Initializing reflection events
14 янв. 2025 12:50:28,097  INFO StartLogger - Setting up action policy
14 янв. 2025 12:50:29,003  INFO StartLogger - Setting user logging for properties
14 янв. 2025 12:50:29,020  INFO StartLogger - Setting user not null constraints for properties
14 янв. 2025 12:50:29,029  INFO StartLogger - Disabling input list
14 янв. 2025 12:50:29,036  INFO StartLogger - Setting user select for properties
14 янв. 2025 12:50:29,046  INFO StartLogger - Setting up loggables
14 янв. 2025 12:50:29,047  INFO StartLogger - Finalizing forms
14 янв. 2025 12:50:29,046  INFO StartLogger - Initializing class data indexes
14 янв. 2025 12:50:29,087  INFO StartLogger - Finalizing properties
14 янв. 2025 12:50:29,101  INFO StartLogger - Synchronizing DB
14 янв. 2025 12:50:29,145  INFO StartLogger - Checking indexes
14 янв. 2025 12:50:29,153  INFO StartLogger - Applying migration script (0.0 -> 0.0)
14 янв. 2025 12:50:29,194  INFO StartLogger - Creating tables
14 янв. 2025 12:50:30,069  INFO StartLogger - Updating stats
14 янв. 2025 12:50:30,114  INFO StartLogger - Adding indexes
14 янв. 2025 12:50:30,115  INFO StartLogger - Packing tables
14 янв. 2025 12:50:30,115  INFO StartLogger - Filling static objects ids
14 янв. 2025 12:50:30,408  INFO StartLogger - Prereading form property events
14 янв. 2025 12:50:31,165  INFO StartLogger - Initializing lazy properties
14 янв. 2025 12:50:31,195  INFO StartLogger - Looking for recursions in abstract properties
14 янв. 2025 12:50:31,197  INFO StartLogger - Reading global events / materialized properties links
14 янв. 2025 12:50:32,204  INFO StartLogger - Building global events / materialized properties list
14 янв. 2025 12:50:32,234  INFO StartLogger - Reading local events links
14 янв. 2025 12:50:32,250  INFO StartLogger - Building local events list
14 янв. 2025 12:50:32,267  INFO StartLogger - Writing static objects changes
14 янв. 2025 12:50:32,279  INFO StartLogger - Adding static object with id 5517, sid HockeyStats_Player, name Игрок, image <PQWERJUQMASPRETQT/><GFDTRGDFSAFADXZW/>HockeyStats_Player<PQWERJUQMASPRETQT/>
14 янв. 2025 12:50:32,290  INFO StartLogger - Adding static object with id 5518, sid HockeyStats_Goal, name Гол, image <PQWERJUQMASPRETQT/><GFDTRGDFSAFADXZW/>HockeyStats_Goal<PQWERJUQMASPRETQT/>
14 янв. 2025 12:50:32,562  INFO StartLogger - Migrating reflection properties and actions
14 янв. 2025 12:50:32,587  INFO StartLogger - Recalculating materializations
14 янв. 2025 12:50:32,589  INFO StartLogger - Updating materialization stats 1 of 2: _auto_HockeyStats_Player started
14 янв. 2025 12:50:33,281  INFO StartLogger - Updating materialization stats 1 of 2: _auto_HockeyStats_Player finished, 692ms
14 янв. 2025 12:50:33,282  INFO StartLogger - Updating materialization stats 2 of 2: _auto_HockeyStats_Goal started
14 янв. 2025 12:50:33,756  INFO StartLogger - Updating materialization stats 2 of 2: _auto_HockeyStats_Goal finished, 474ms
14 янв. 2025 12:50:33,901  INFO StartLogger - Initializing security manager
14 янв. 2025 12:50:33,901  INFO StartLogger - Starting security manager
14 янв. 2025 12:50:34,004  INFO StartLogger - Starting RMI manager
14 янв. 2025 12:50:34,025  INFO StartLogger - Synchronizing icons
14 янв. 2025 12:50:34,025  INFO StartLogger - Executing onInit action
14 янв. 2025 12:50:34,029  INFO StartLogger - Initializing actions' debugger
14 янв. 2025 12:50:34,031  INFO StartLogger - Executing onStarted action
14 янв. 2025 12:50:34,436  INFO SystemLogger - Setting hostname: null
14 янв. 2025 12:50:34,482  INFO StartLogger - Starting Scheduler
14 янв. 2025 12:50:34,772  INFO StartLogger - Prereading auto icons
14 янв. 2025 12:50:34,820  INFO SystemLogger - Change current time snapshots to 2025-01-14T12:50:34.820573900, 2025-01-14T09:50:34.820573900Z
14 янв. 2025 12:50:37,362  INFO StartLogger - Exporting RMI logics object (port: 7652)
14 янв. 2025 12:50:37,372  INFO StartLogger - Exporting RMI logics object (port: 7652) ended
14 янв. 2025 12:50:39,865  INFO StartLogger - Prereading auto icons ended
14 янв. 2025 12:50:39,867  INFO SystemLogger - Binding WebSocketServer
14 янв. 2025 12:50:39,875  INFO SystemLogger - Binding ExternalHTTPServer
14 янв. 2025 12:50:39,910  INFO SystemLogger - Binding RabbitMQServer
14 янв. 2025 12:50:39,920  INFO StartLogger - Prereading properties graph
14 янв. 2025 12:50:39,920  INFO StartLogger - Reading modules hash
14 янв. 2025 12:50:39,920  INFO StartLogger - Prereading caches for properties
14 янв. 2025 12:50:39,921  INFO StartLogger - Prereading caches for properties ended
14 янв. 2025 12:50:39,922  INFO StartLogger - Comparing modulesHash: old 4f361ea7, new a0dec5a0
14 янв. 2025 12:50:39,923  INFO StartLogger - Synchronizing property entities
14 янв. 2025 12:50:39,923  INFO StartLogger - Synchronizing forms
14 янв. 2025 12:50:39,923  INFO StartLogger - Synchronizing group properties
14 янв. 2025 12:50:39,923  INFO StartLogger - Synchronizing tables
14 янв. 2025 12:50:39,923  INFO StartLogger - Synchronizing group objects
14 янв. 2025 12:50:39,923  INFO StartLogger - Synchronizing property draws
14 янв. 2025 12:50:39,923  INFO StartLogger - Synchronizing navigator elements
14 янв. 2025 12:50:39,923  INFO StartLogger - Synchronizing property parents
14 янв. 2025 12:50:39,923  INFO StartLogger - Synchronizing parents
14 янв. 2025 12:50:39,923  INFO StartLogger - Prereading security policies
14 янв. 2025 12:50:39,923  INFO StartLogger - Synchronizing tables started
14 янв. 2025 12:50:43,956  INFO StartLogger - Synchronizing tables finished, 4033ms
14 янв. 2025 12:50:43,956  INFO StartLogger - Recalculating Stats and Materializations at first start
14 янв. 2025 12:50:43,957  INFO StartLogger - Writing modulesHash a0dec5a0 started
14 янв. 2025 12:50:43,980  INFO StartLogger - Writing modulesHash a0dec5a0 finished, 23ms
14 янв. 2025 12:50:43,981  INFO StartLogger - Cleaning obsolete caches started
14 янв. 2025 12:50:43,989  INFO StartLogger - Cleaning obsolete caches finished, 8ms
14 янв. 2025 12:50:43,989  INFO StartLogger - Executing onFinallyStarted started
14 янв. 2025 12:50:44,011  INFO StartLogger - Executing onFinallyStarted finished, 22ms
14 янв. 2025 12:50:44,011  INFO StartLogger - Logics instance has successfully started
14 янв. 2025 12:50:44,012  INFO StartLogger - Desktop Client is available at:
14 янв. 2025 12:50:44,012  INFO StartLogger - Java Web Start (with auto update, requires JDK): https://download.lsfusion.org/java/lsfusion-client-6.0-beta1.jnlp
14 янв. 2025 12:50:44,012  INFO StartLogger - Installer for Windows (without auto update): https://download.lsfusion.org/exe/lsfusion-desktop-6.0-beta1-x64.exe
14 янв. 2025 12:50:44,013  INFO StartLogger - Server has successfully started in 21715 ms
